2025-06-16 23:45:43.194 | INFO     | miit.spiders.spider:parse:35 - Scraping page 1...
2025-06-16 23:45:44.540 | INFO     | miit.spiders.spider:parse:68 - Clicking next button: 2
2025-06-16 23:45:44.702 | INFO     | miit.spiders.spider:parse:71 - Waiting for the page 2 to load...
2025-06-16 23:45:46.626 | INFO     | miit.spiders.spider:parse:96 - Page 2 loaded successfully.
2025-06-16 23:45:46.674 | INFO     | miit.spiders.spider:parse:35 - Scraping page 2...
2025-06-16 23:45:48.121 | INFO     | miit.spiders.spider:parse:68 - Clicking next button: 3
2025-06-16 23:45:48.309 | INFO     | miit.spiders.spider:parse:71 - Waiting for the page 3 to load...
2025-06-16 23:45:48.960 | INFO     | miit.spiders.spider:parse:96 - Page 3 loaded successfully.
2025-06-16 23:45:48.972 | INFO     | miit.spiders.spider:parse:35 - Scraping page 3...
2025-06-16 23:45:50.197 | INFO     | miit.spiders.spider:parse:68 - Clicking next button: 4
2025-06-16 23:45:50.330 | INFO     | miit.spiders.spider:parse:71 - Waiting for the page 4 to load...
2025-06-16 23:45:52.040 | INFO     | miit.spiders.spider:parse:96 - Page 4 loaded successfully.
2025-06-16 23:45:52.056 | INFO     | miit.spiders.spider:parse:35 - Scraping page 4...
2025-06-16 23:45:53.273 | INFO     | miit.spiders.spider:parse:68 - Clicking next button: 5
2025-06-16 23:45:53.387 | INFO     | miit.spiders.spider:parse:71 - Waiting for the page 5 to load...
2025-06-16 23:45:54.545 | INFO     | miit.spiders.spider:parse:96 - Page 5 loaded successfully.
2025-06-16 23:45:54.561 | INFO     | miit.spiders.spider:parse:35 - Scraping page 5...
2025-06-16 23:45:55.757 | INFO     | miit.spiders.spider:parse:68 - Clicking next button: 6
2025-06-16 23:45:55.879 | INFO     | miit.spiders.spider:parse:71 - Waiting for the page 6 to load...
2025-06-16 23:45:57.027 | INFO     | miit.spiders.spider:parse:96 - Page 6 loaded successfully.
2025-06-16 23:45:57.040 | INFO     | miit.spiders.spider:parse:35 - Scraping page 6...
2025-06-16 23:45:58.313 | INFO     | miit.spiders.spider:parse:68 - Clicking next button: 7
2025-06-16 23:45:58.426 | INFO     | miit.spiders.spider:parse:71 - Waiting for the page 7 to load...
2025-06-16 23:45:59.563 | INFO     | miit.spiders.spider:parse:96 - Page 7 loaded successfully.
2025-06-16 23:45:59.594 | INFO     | miit.spiders.spider:parse:35 - Scraping page 7...
2025-06-16 23:46:00.820 | INFO     | miit.spiders.spider:parse:68 - Clicking next button: 8
2025-06-16 23:46:00.935 | INFO     | miit.spiders.spider:parse:71 - Waiting for the page 8 to load...
2025-06-16 23:46:02.075 | INFO     | miit.spiders.spider:parse:96 - Page 8 loaded successfully.
2025-06-16 23:46:02.089 | INFO     | miit.spiders.spider:parse:35 - Scraping page 8...
2025-06-16 23:46:03.333 | INFO     | miit.spiders.spider:parse:68 - Clicking next button: 9
2025-06-16 23:46:03.447 | INFO     | miit.spiders.spider:parse:71 - Waiting for the page 9 to load...
2025-06-16 23:46:05.129 | INFO     | miit.spiders.spider:parse:96 - Page 9 loaded successfully.
2025-06-16 23:46:05.152 | INFO     | miit.spiders.spider:parse:35 - Scraping page 9...
2025-06-16 23:46:06.541 | INFO     | miit.spiders.spider:parse:68 - Clicking next button: 10
2025-06-16 23:46:06.660 | INFO     | miit.spiders.spider:parse:71 - Waiting for the page 10 to load...
2025-06-16 23:46:07.814 | INFO     | miit.spiders.spider:parse:96 - Page 10 loaded successfully.
2025-06-16 23:46:07.825 | INFO     | miit.spiders.spider:parse:35 - Scraping page 10...
2025-06-16 23:46:09.048 | INFO     | miit.spiders.spider:parse:68 - Clicking next button: 11
2025-06-16 23:46:09.152 | INFO     | miit.spiders.spider:parse:71 - Waiting for the page 11 to load...
2025-06-16 23:46:10.293 | INFO     | miit.spiders.spider:parse:96 - Page 11 loaded successfully.
2025-06-16 23:46:10.309 | INFO     | miit.spiders.spider:parse:35 - Scraping page 11...
2025-06-16 23:46:11.638 | INFO     | miit.spiders.spider:parse:68 - Clicking next button: 12
2025-06-16 23:46:11.759 | INFO     | miit.spiders.spider:parse:71 - Waiting for the page 12 to load...
2025-06-16 23:46:12.900 | INFO     | miit.spiders.spider:parse:96 - Page 12 loaded successfully.
2025-06-16 23:46:12.915 | INFO     | miit.spiders.spider:parse:35 - Scraping page 12...
2025-06-16 23:46:14.221 | INFO     | miit.spiders.spider:parse:68 - Clicking next button: 13
2025-06-16 23:46:14.340 | INFO     | miit.spiders.spider:parse:71 - Waiting for the page 13 to load...
2025-06-16 23:46:15.473 | INFO     | miit.spiders.spider:parse:96 - Page 13 loaded successfully.
2025-06-16 23:46:15.494 | INFO     | miit.spiders.spider:parse:35 - Scraping page 13...
2025-06-16 23:46:16.736 | INFO     | miit.spiders.spider:parse:68 - Clicking next button: 14
2025-06-16 23:46:16.850 | INFO     | miit.spiders.spider:parse:71 - Waiting for the page 14 to load...
2025-06-16 23:46:18.531 | INFO     | miit.spiders.spider:parse:96 - Page 14 loaded successfully.
2025-06-16 23:46:18.550 | INFO     | miit.spiders.spider:parse:35 - Scraping page 14...
2025-06-16 23:46:19.757 | INFO     | miit.spiders.spider:parse:68 - Clicking next button: 15
2025-06-16 23:46:19.880 | INFO     | miit.spiders.spider:parse:71 - Waiting for the page 15 to load...
2025-06-16 23:46:21.580 | INFO     | miit.spiders.spider:parse:96 - Page 15 loaded successfully.
2025-06-16 23:46:21.596 | INFO     | miit.spiders.spider:parse:35 - Scraping page 15...
2025-06-16 23:46:22.882 | INFO     | miit.spiders.spider:parse:68 - Clicking next button: 16
2025-06-16 23:46:22.980 | INFO     | miit.spiders.spider:parse:71 - Waiting for the page 16 to load...
2025-06-16 23:46:24.658 | INFO     | miit.spiders.spider:parse:96 - Page 16 loaded successfully.
2025-06-16 23:46:24.674 | INFO     | miit.spiders.spider:parse:35 - Scraping page 16...
2025-06-16 23:46:25.895 | INFO     | miit.spiders.spider:parse:68 - Clicking next button: 17
2025-06-16 23:46:26.009 | INFO     | miit.spiders.spider:parse:71 - Waiting for the page 17 to load...
2025-06-16 23:46:27.682 | INFO     | miit.spiders.spider:parse:96 - Page 17 loaded successfully.
2025-06-16 23:46:27.714 | INFO     | miit.spiders.spider:parse:35 - Scraping page 17...
2025-06-16 23:46:28.983 | INFO     | miit.spiders.spider:parse:68 - Clicking next button: 18
2025-06-16 23:46:29.083 | INFO     | miit.spiders.spider:parse:71 - Waiting for the page 18 to load...
2025-06-16 23:46:30.758 | INFO     | miit.spiders.spider:parse:96 - Page 18 loaded successfully.
2025-06-16 23:46:30.800 | INFO     | miit.spiders.spider:parse:35 - Scraping page 18...
2025-06-16 23:46:32.008 | INFO     | miit.spiders.spider:parse:68 - Clicking next button: 19
2025-06-16 23:46:32.186 | INFO     | miit.spiders.spider:parse:71 - Waiting for the page 19 to load...
2025-06-16 23:46:33.871 | INFO     | miit.spiders.spider:parse:96 - Page 19 loaded successfully.
2025-06-16 23:46:33.887 | INFO     | miit.spiders.spider:parse:35 - Scraping page 19...
2025-06-16 23:46:35.158 | INFO     | miit.spiders.spider:parse:68 - Clicking next button: 20
2025-06-16 23:46:35.273 | INFO     | miit.spiders.spider:parse:71 - Waiting for the page 20 to load...
2025-06-16 23:46:36.950 | INFO     | miit.spiders.spider:parse:96 - Page 20 loaded successfully.
2025-06-16 23:46:36.973 | INFO     | miit.spiders.spider:parse:35 - Scraping page 20...
2025-06-16 23:46:38.159 | INFO     | miit.spiders.spider:parse:68 - Clicking next button: 21
2025-06-16 23:46:38.271 | INFO     | miit.spiders.spider:parse:71 - Waiting for the page 21 to load...
2025-06-16 23:46:40.505 | INFO     | miit.spiders.spider:parse:96 - Page 21 loaded successfully.
2025-06-16 23:46:40.516 | INFO     | miit.spiders.spider:parse:35 - Scraping page 21...
2025-06-16 23:46:41.894 | INFO     | miit.spiders.spider:parse:68 - Clicking next button: 22
2025-06-16 23:46:42.004 | INFO     | miit.spiders.spider:parse:71 - Waiting for the page 22 to load...
2025-06-16 23:46:43.688 | INFO     | miit.spiders.spider:parse:96 - Page 22 loaded successfully.
2025-06-16 23:46:43.704 | INFO     | miit.spiders.spider:parse:35 - Scraping page 22...
2025-06-16 23:46:44.985 | INFO     | miit.spiders.spider:parse:68 - Clicking next button: 23
2025-06-16 23:46:45.090 | INFO     | miit.spiders.spider:parse:71 - Waiting for the page 23 to load...
2025-06-16 23:46:46.776 | WARNING  | miit.spiders.spider:parse:85 - StaleElementReferenceException: Retrying to find the first item.
2025-06-16 23:46:47.834 | INFO     | miit.spiders.spider:parse:96 - Page 23 loaded successfully.
2025-06-16 23:46:47.851 | INFO     | miit.spiders.spider:parse:35 - Scraping page 23...
2025-06-16 23:46:49.140 | INFO     | miit.spiders.spider:parse:68 - Clicking next button: 24
2025-06-16 23:46:49.239 | INFO     | miit.spiders.spider:parse:71 - Waiting for the page 24 to load...
2025-06-16 23:46:51.459 | INFO     | miit.spiders.spider:parse:96 - Page 24 loaded successfully.
2025-06-16 23:46:51.480 | INFO     | miit.spiders.spider:parse:35 - Scraping page 24...
2025-06-16 23:46:52.801 | INFO     | miit.spiders.spider:parse:68 - Clicking next button: 25
2025-06-16 23:46:52.934 | INFO     | miit.spiders.spider:parse:71 - Waiting for the page 25 to load...
2025-06-16 23:46:55.163 | INFO     | miit.spiders.spider:parse:96 - Page 25 loaded successfully.
2025-06-16 23:46:55.179 | INFO     | miit.spiders.spider:parse:35 - Scraping page 25...
2025-06-16 23:46:56.418 | INFO     | miit.spiders.spider:parse:68 - Clicking next button: 26
2025-06-16 23:46:56.534 | INFO     | miit.spiders.spider:parse:71 - Waiting for the page 26 to load...
2025-06-16 23:46:58.751 | WARNING  | miit.spiders.spider:parse:85 - StaleElementReferenceException: Retrying to find the first item.
2025-06-16 23:46:59.814 | INFO     | miit.spiders.spider:parse:96 - Page 26 loaded successfully.
2025-06-16 23:46:59.821 | INFO     | miit.spiders.spider:parse:35 - Scraping page 26...
2025-06-16 23:47:01.065 | INFO     | miit.spiders.spider:parse:68 - Clicking next button: 27
2025-06-16 23:47:01.175 | INFO     | miit.spiders.spider:parse:71 - Waiting for the page 27 to load...
2025-06-16 23:47:03.933 | INFO     | miit.spiders.spider:parse:96 - Page 27 loaded successfully.
2025-06-16 23:47:03.966 | INFO     | miit.spiders.spider:parse:35 - Scraping page 27...
2025-06-16 23:47:05.259 | INFO     | miit.spiders.spider:parse:68 - Clicking next button: 28
2025-06-16 23:47:05.379 | INFO     | miit.spiders.spider:parse:71 - Waiting for the page 28 to load...
2025-06-16 23:47:08.135 | INFO     | miit.spiders.spider:parse:96 - Page 28 loaded successfully.
2025-06-16 23:47:08.154 | INFO     | miit.spiders.spider:parse:35 - Scraping page 28...
2025-06-16 23:47:09.393 | INFO     | miit.spiders.spider:parse:68 - Clicking next button: 29
2025-06-16 23:47:09.504 | INFO     | miit.spiders.spider:parse:71 - Waiting for the page 29 to load...
2025-06-16 23:47:11.727 | INFO     | miit.spiders.spider:parse:96 - Page 29 loaded successfully.
2025-06-16 23:47:11.751 | INFO     | miit.spiders.spider:parse:35 - Scraping page 29...
2025-06-16 23:47:13.044 | INFO     | miit.spiders.spider:parse:68 - Clicking next button: 30
2025-06-16 23:47:13.137 | INFO     | miit.spiders.spider:parse:71 - Waiting for the page 30 to load...
2025-06-16 23:47:15.918 | INFO     | miit.spiders.spider:parse:96 - Page 30 loaded successfully.
2025-06-16 23:47:15.934 | INFO     | miit.spiders.spider:parse:35 - Scraping page 30...
2025-06-16 23:47:17.209 | INFO     | miit.spiders.spider:parse:68 - Clicking next button: 31
2025-06-16 23:47:17.324 | INFO     | miit.spiders.spider:parse:71 - Waiting for the page 31 to load...
2025-06-16 23:47:20.094 | INFO     | miit.spiders.spider:parse:96 - Page 31 loaded successfully.
2025-06-16 23:47:20.108 | INFO     | miit.spiders.spider:parse:35 - Scraping page 31...
2025-06-16 23:47:21.406 | INFO     | miit.spiders.spider:parse:68 - Clicking next button: 32
2025-06-16 23:47:21.511 | INFO     | miit.spiders.spider:parse:71 - Waiting for the page 32 to load...
2025-06-16 23:47:24.276 | INFO     | miit.spiders.spider:parse:96 - Page 32 loaded successfully.
2025-06-16 23:47:24.305 | INFO     | miit.spiders.spider:parse:35 - Scraping page 32...
2025-06-16 23:47:25.694 | INFO     | miit.spiders.spider:parse:68 - Clicking next button: 33
2025-06-16 23:47:25.809 | INFO     | miit.spiders.spider:parse:71 - Waiting for the page 33 to load...
2025-06-16 23:47:28.579 | INFO     | miit.spiders.spider:parse:96 - Page 33 loaded successfully.
2025-06-16 23:47:28.602 | INFO     | miit.spiders.spider:parse:35 - Scraping page 33...
2025-06-16 23:47:29.858 | INFO     | miit.spiders.spider:parse:68 - Clicking next button: 34
2025-06-16 23:47:29.976 | INFO     | miit.spiders.spider:parse:71 - Waiting for the page 34 to load...
2025-06-16 23:47:32.744 | INFO     | miit.spiders.spider:parse:96 - Page 34 loaded successfully.
2025-06-16 23:47:32.769 | INFO     | miit.spiders.spider:parse:35 - Scraping page 34...
2025-06-16 23:47:34.014 | INFO     | miit.spiders.spider:parse:68 - Clicking next button: 35
2025-06-16 23:47:34.133 | INFO     | miit.spiders.spider:parse:71 - Waiting for the page 35 to load...
2025-06-16 23:47:36.935 | INFO     | miit.spiders.spider:parse:96 - Page 35 loaded successfully.
2025-06-16 23:47:36.960 | INFO     | miit.spiders.spider:parse:35 - Scraping page 35...
2025-06-16 23:47:38.318 | INFO     | miit.spiders.spider:parse:68 - Clicking next button: 36
2025-06-16 23:47:38.437 | INFO     | miit.spiders.spider:parse:71 - Waiting for the page 36 to load...
2025-06-16 23:47:41.196 | INFO     | miit.spiders.spider:parse:96 - Page 36 loaded successfully.
2025-06-16 23:47:41.212 | INFO     | miit.spiders.spider:parse:35 - Scraping page 36...
2025-06-16 23:47:42.449 | INFO     | miit.spiders.spider:parse:68 - Clicking next button: 37
2025-06-16 23:47:42.574 | INFO     | miit.spiders.spider:parse:71 - Waiting for the page 37 to load...
2025-06-16 23:47:45.367 | INFO     | miit.spiders.spider:parse:96 - Page 37 loaded successfully.
2025-06-16 23:47:45.390 | INFO     | miit.spiders.spider:parse:35 - Scraping page 37...
2025-06-16 23:47:46.616 | INFO     | miit.spiders.spider:parse:68 - Clicking next button: 38
2025-06-16 23:47:46.745 | INFO     | miit.spiders.spider:parse:71 - Waiting for the page 38 to load...
2025-06-16 23:47:50.052 | INFO     | miit.spiders.spider:parse:96 - Page 38 loaded successfully.
2025-06-16 23:47:50.070 | INFO     | miit.spiders.spider:parse:35 - Scraping page 38...
2025-06-16 23:47:51.420 | INFO     | miit.spiders.spider:parse:68 - Clicking next button: 39
2025-06-16 23:47:51.533 | INFO     | miit.spiders.spider:parse:71 - Waiting for the page 39 to load...
2025-06-16 23:47:54.857 | INFO     | miit.spiders.spider:parse:96 - Page 39 loaded successfully.
2025-06-16 23:47:54.879 | INFO     | miit.spiders.spider:parse:35 - Scraping page 39...
2025-06-16 23:47:56.106 | INFO     | miit.spiders.spider:parse:68 - Clicking next button: 40
2025-06-16 23:47:56.223 | INFO     | miit.spiders.spider:parse:71 - Waiting for the page 40 to load...
2025-06-16 23:47:59.541 | INFO     | miit.spiders.spider:parse:96 - Page 40 loaded successfully.
2025-06-16 23:47:59.557 | INFO     | miit.spiders.spider:parse:35 - Scraping page 40...
2025-06-16 23:48:00.785 | INFO     | miit.spiders.spider:parse:68 - Clicking next button: 41
2025-06-16 23:48:00.902 | INFO     | miit.spiders.spider:parse:71 - Waiting for the page 41 to load...
2025-06-16 23:48:04.220 | INFO     | miit.spiders.spider:parse:96 - Page 41 loaded successfully.
2025-06-16 23:48:04.242 | INFO     | miit.spiders.spider:parse:35 - Scraping page 41...
2025-06-16 23:48:05.484 | INFO     | miit.spiders.spider:parse:68 - Clicking next button: 42
2025-06-16 23:48:05.596 | INFO     | miit.spiders.spider:parse:71 - Waiting for the page 42 to load...
2025-06-16 23:48:10.000 | INFO     | miit.spiders.spider:parse:96 - Page 42 loaded successfully.
2025-06-16 23:48:10.004 | INFO     | miit.spiders.spider:parse:35 - Scraping page 42...
2025-06-16 23:48:11.384 | INFO     | miit.spiders.spider:parse:68 - Clicking next button: 43
2025-06-16 23:48:11.509 | INFO     | miit.spiders.spider:parse:71 - Waiting for the page 43 to load...
2025-06-16 23:48:14.820 | INFO     | miit.spiders.spider:parse:96 - Page 43 loaded successfully.
2025-06-16 23:48:14.832 | INFO     | miit.spiders.spider:parse:35 - Scraping page 43...
2025-06-16 23:48:16.124 | INFO     | miit.spiders.spider:parse:68 - Clicking next button: 44
2025-06-16 23:48:16.235 | INFO     | miit.spiders.spider:parse:71 - Waiting for the page 44 to load...
2025-06-16 23:48:19.537 | INFO     | miit.spiders.spider:parse:96 - Page 44 loaded successfully.
2025-06-16 23:48:19.552 | INFO     | miit.spiders.spider:parse:35 - Scraping page 44...
2025-06-16 23:48:20.968 | INFO     | miit.spiders.spider:parse:68 - Clicking next button: 45
2025-06-16 23:48:21.071 | INFO     | miit.spiders.spider:parse:71 - Waiting for the page 45 to load...
2025-06-16 23:48:24.924 | INFO     | miit.spiders.spider:parse:96 - Page 45 loaded successfully.
2025-06-16 23:48:24.947 | INFO     | miit.spiders.spider:parse:35 - Scraping page 45...
2025-06-16 23:48:26.192 | INFO     | miit.spiders.spider:parse:68 - Clicking next button: 46
2025-06-16 23:48:26.317 | INFO     | miit.spiders.spider:parse:71 - Waiting for the page 46 to load...
2025-06-16 23:48:29.633 | INFO     | miit.spiders.spider:parse:96 - Page 46 loaded successfully.
2025-06-16 23:48:29.650 | INFO     | miit.spiders.spider:parse:35 - Scraping page 46...
2025-06-16 23:48:30.856 | INFO     | miit.spiders.spider:parse:68 - Clicking next button: 47
2025-06-16 23:48:30.983 | INFO     | miit.spiders.spider:parse:71 - Waiting for the page 47 to load...
2025-06-16 23:48:34.283 | INFO     | miit.spiders.spider:parse:96 - Page 47 loaded successfully.
2025-06-16 23:48:34.298 | INFO     | miit.spiders.spider:parse:35 - Scraping page 47...
2025-06-16 23:48:35.486 | INFO     | miit.spiders.spider:parse:68 - Clicking next button: 48
2025-06-16 23:48:35.603 | INFO     | miit.spiders.spider:parse:71 - Waiting for the page 48 to load...
2025-06-16 23:48:38.908 | WARNING  | miit.spiders.spider:parse:85 - StaleElementReferenceException: Retrying to find the first item.
2025-06-16 23:48:39.965 | INFO     | miit.spiders.spider:parse:96 - Page 48 loaded successfully.
2025-06-16 23:48:39.985 | INFO     | miit.spiders.spider:parse:35 - Scraping page 48...
2025-06-16 23:48:41.259 | INFO     | miit.spiders.spider:parse:68 - Clicking next button: 49
2025-06-16 23:48:41.370 | INFO     | miit.spiders.spider:parse:71 - Waiting for the page 49 to load...
2025-06-16 23:48:44.681 | INFO     | miit.spiders.spider:parse:96 - Page 49 loaded successfully.
2025-06-16 23:48:44.708 | INFO     | miit.spiders.spider:parse:35 - Scraping page 49...
2025-06-16 23:48:45.930 | INFO     | miit.spiders.spider:parse:68 - Clicking next button: 50
2025-06-16 23:48:46.040 | INFO     | miit.spiders.spider:parse:71 - Waiting for the page 50 to load...
2025-06-16 23:48:49.907 | INFO     | miit.spiders.spider:parse:96 - Page 50 loaded successfully.
2025-06-16 23:48:49.922 | INFO     | miit.spiders.spider:parse:35 - Scraping page 50...
2025-06-16 23:48:51.161 | INFO     | miit.spiders.spider:parse:68 - Clicking next button: 51
2025-06-16 23:48:51.289 | INFO     | miit.spiders.spider:parse:71 - Waiting for the page 51 to load...
2025-06-16 23:48:55.664 | INFO     | miit.spiders.spider:parse:96 - Page 51 loaded successfully.
2025-06-16 23:48:55.680 | INFO     | miit.spiders.spider:parse:35 - Scraping page 51...
2025-06-16 23:48:56.932 | INFO     | miit.spiders.spider:parse:68 - Clicking next button: 52
2025-06-16 23:48:57.028 | INFO     | miit.spiders.spider:parse:71 - Waiting for the page 52 to load...
2025-06-16 23:49:01.412 | INFO     | miit.spiders.spider:parse:96 - Page 52 loaded successfully.
2025-06-16 23:49:01.437 | INFO     | miit.spiders.spider:parse:35 - Scraping page 52...
2025-06-16 23:49:02.675 | INFO     | miit.spiders.spider:parse:68 - Clicking next button: 53
2025-06-16 23:49:02.807 | INFO     | miit.spiders.spider:parse:71 - Waiting for the page 53 to load...
2025-06-16 23:49:07.800 | INFO     | miit.spiders.spider:parse:96 - Page 53 loaded successfully.
2025-06-16 23:49:07.826 | INFO     | miit.spiders.spider:parse:35 - Scraping page 53...
2025-06-16 23:49:09.056 | INFO     | miit.spiders.spider:parse:68 - Clicking next button: 54
2025-06-16 23:49:09.161 | INFO     | miit.spiders.spider:parse:71 - Waiting for the page 54 to load...
2025-06-16 23:49:14.612 | INFO     | miit.spiders.spider:parse:96 - Page 54 loaded successfully.
2025-06-16 23:49:14.629 | INFO     | miit.spiders.spider:parse:35 - Scraping page 54...
2025-06-16 23:49:15.952 | INFO     | miit.spiders.spider:parse:68 - Clicking next button: 55
2025-06-16 23:49:16.066 | INFO     | miit.spiders.spider:parse:71 - Waiting for the page 55 to load...
2025-06-16 23:49:21.008 | INFO     | miit.spiders.spider:parse:96 - Page 55 loaded successfully.
2025-06-16 23:49:21.024 | INFO     | miit.spiders.spider:parse:35 - Scraping page 55...
2025-06-16 23:49:22.249 | INFO     | miit.spiders.spider:parse:68 - Clicking next button: 56
2025-06-16 23:49:22.364 | INFO     | miit.spiders.spider:parse:71 - Waiting for the page 56 to load...
2025-06-16 23:49:27.303 | INFO     | miit.spiders.spider:parse:96 - Page 56 loaded successfully.
2025-06-16 23:49:27.324 | INFO     | miit.spiders.spider:parse:35 - Scraping page 56...
2025-06-16 23:49:28.639 | INFO     | miit.spiders.spider:parse:68 - Clicking next button: 57
2025-06-16 23:49:28.753 | INFO     | miit.spiders.spider:parse:71 - Waiting for the page 57 to load...
2025-06-16 23:49:33.672 | INFO     | miit.spiders.spider:parse:96 - Page 57 loaded successfully.
2025-06-16 23:49:33.687 | INFO     | miit.spiders.spider:parse:35 - Scraping page 57...
2025-06-16 23:49:34.981 | INFO     | miit.spiders.spider:parse:68 - Clicking next button: 58
2025-06-16 23:49:35.106 | INFO     | miit.spiders.spider:parse:71 - Waiting for the page 58 to load...
2025-06-16 23:49:40.042 | INFO     | miit.spiders.spider:parse:96 - Page 58 loaded successfully.
2025-06-16 23:49:40.058 | INFO     | miit.spiders.spider:parse:35 - Scraping page 58...
2025-06-16 23:49:41.366 | INFO     | miit.spiders.spider:parse:68 - Clicking next button: 59
2025-06-16 23:49:41.476 | INFO     | miit.spiders.spider:parse:71 - Waiting for the page 59 to load...
2025-06-16 23:49:47.500 | INFO     | miit.spiders.spider:parse:96 - Page 59 loaded successfully.
2025-06-16 23:49:47.533 | INFO     | miit.spiders.spider:parse:35 - Scraping page 59...
2025-06-16 23:49:48.807 | INFO     | miit.spiders.spider:parse:68 - Clicking next button: 60
2025-06-16 23:49:48.923 | INFO     | miit.spiders.spider:parse:71 - Waiting for the page 60 to load...
2025-06-16 23:49:54.413 | INFO     | miit.spiders.spider:parse:96 - Page 60 loaded successfully.
2025-06-16 23:49:54.433 | INFO     | miit.spiders.spider:parse:35 - Scraping page 60...
2025-06-16 23:49:55.740 | INFO     | miit.spiders.spider:parse:68 - Clicking next button: 61
2025-06-16 23:49:55.863 | INFO     | miit.spiders.spider:parse:71 - Waiting for the page 61 to load...
2025-06-16 23:50:01.334 | INFO     | miit.spiders.spider:parse:96 - Page 61 loaded successfully.
2025-06-16 23:50:01.350 | INFO     | miit.spiders.spider:parse:35 - Scraping page 61...
2025-06-16 23:50:02.577 | INFO     | miit.spiders.spider:parse:68 - Clicking next button: 62
2025-06-16 23:50:02.707 | INFO     | miit.spiders.spider:parse:71 - Waiting for the page 62 to load...
2025-06-16 23:50:08.184 | INFO     | miit.spiders.spider:parse:96 - Page 62 loaded successfully.
2025-06-16 23:50:08.201 | INFO     | miit.spiders.spider:parse:35 - Scraping page 62...
2025-06-16 23:50:09.426 | INFO     | miit.spiders.spider:parse:68 - Clicking next button: 63
2025-06-16 23:50:09.547 | INFO     | miit.spiders.spider:parse:71 - Waiting for the page 63 to load...
2025-06-16 23:50:14.482 | INFO     | miit.spiders.spider:parse:96 - Page 63 loaded successfully.
2025-06-16 23:50:14.507 | INFO     | miit.spiders.spider:parse:35 - Scraping page 63...
2025-06-16 23:50:15.786 | INFO     | miit.spiders.spider:parse:68 - Clicking next button: 64
2025-06-16 23:50:15.897 | INFO     | miit.spiders.spider:parse:71 - Waiting for the page 64 to load...
2025-06-16 23:50:21.384 | INFO     | miit.spiders.spider:parse:96 - Page 64 loaded successfully.
2025-06-16 23:50:21.407 | INFO     | miit.spiders.spider:parse:35 - Scraping page 64...
2025-06-16 23:50:22.700 | INFO     | miit.spiders.spider:parse:68 - Clicking next button: 65
2025-06-16 23:50:22.802 | INFO     | miit.spiders.spider:parse:71 - Waiting for the page 65 to load...
2025-06-16 23:50:27.731 | INFO     | miit.spiders.spider:parse:96 - Page 65 loaded successfully.
2025-06-16 23:50:27.748 | INFO     | miit.spiders.spider:parse:35 - Scraping page 65...
2025-06-16 23:50:28.991 | INFO     | miit.spiders.spider:parse:68 - Clicking next button: 66
2025-06-16 23:50:29.093 | INFO     | miit.spiders.spider:parse:71 - Waiting for the page 66 to load...
2025-06-16 23:50:34.052 | INFO     | miit.spiders.spider:parse:96 - Page 66 loaded successfully.
2025-06-16 23:50:34.068 | INFO     | miit.spiders.spider:parse:35 - Scraping page 66...
2025-06-16 23:50:35.282 | INFO     | miit.spiders.spider:parse:68 - Clicking next button: 67
2025-06-16 23:50:35.400 | INFO     | miit.spiders.spider:parse:71 - Waiting for the page 67 to load...
2025-06-16 23:50:40.343 | INFO     | miit.spiders.spider:parse:96 - Page 67 loaded successfully.
2025-06-16 23:50:40.365 | INFO     | miit.spiders.spider:parse:35 - Scraping page 67...
2025-06-16 23:50:41.608 | INFO     | miit.spiders.spider:parse:68 - Clicking next button: 68
2025-06-16 23:50:41.726 | INFO     | miit.spiders.spider:parse:71 - Waiting for the page 68 to load...
2025-06-16 23:50:47.728 | INFO     | miit.spiders.spider:parse:96 - Page 68 loaded successfully.
2025-06-16 23:50:47.749 | INFO     | miit.spiders.spider:parse:35 - Scraping page 68...
2025-06-16 23:50:49.033 | INFO     | miit.spiders.spider:parse:68 - Clicking next button: 69
2025-06-16 23:50:49.152 | INFO     | miit.spiders.spider:parse:71 - Waiting for the page 69 to load...
2025-06-16 23:50:54.071 | INFO     | miit.spiders.spider:parse:96 - Page 69 loaded successfully.
2025-06-16 23:50:54.090 | INFO     | miit.spiders.spider:parse:35 - Scraping page 69...
2025-06-16 23:50:55.316 | INFO     | miit.spiders.spider:parse:68 - Clicking next button: 70
2025-06-16 23:50:55.435 | INFO     | miit.spiders.spider:parse:71 - Waiting for the page 70 to load...
2025-06-16 23:51:00.359 | INFO     | miit.spiders.spider:parse:96 - Page 70 loaded successfully.
2025-06-16 23:51:00.376 | INFO     | miit.spiders.spider:parse:35 - Scraping page 70...
2025-06-16 23:51:01.620 | INFO     | miit.spiders.spider:parse:68 - Clicking next button: 71
2025-06-16 23:51:01.735 | INFO     | miit.spiders.spider:parse:71 - Waiting for the page 71 to load...
2025-06-16 23:51:07.238 | INFO     | miit.spiders.spider:parse:96 - Page 71 loaded successfully.
2025-06-16 23:51:07.254 | INFO     | miit.spiders.spider:parse:35 - Scraping page 71...
2025-06-16 23:51:08.507 | INFO     | miit.spiders.spider:parse:68 - Clicking next button: 72
2025-06-16 23:51:08.626 | INFO     | miit.spiders.spider:parse:71 - Waiting for the page 72 to load...
2025-06-16 23:51:13.564 | INFO     | miit.spiders.spider:parse:96 - Page 72 loaded successfully.
2025-06-16 23:51:13.581 | INFO     | miit.spiders.spider:parse:35 - Scraping page 72...
2025-06-16 23:51:14.823 | INFO     | miit.spiders.spider:parse:68 - Clicking next button: 73
2025-06-16 23:51:14.942 | INFO     | miit.spiders.spider:parse:71 - Waiting for the page 73 to load...
2025-06-16 23:51:19.336 | INFO     | miit.spiders.spider:parse:96 - Page 73 loaded successfully.
2025-06-16 23:51:19.344 | INFO     | miit.spiders.spider:parse:35 - Scraping page 73...
2025-06-16 23:51:20.580 | INFO     | miit.spiders.spider:parse:68 - Clicking next button: 74
2025-06-16 23:51:20.699 | INFO     | miit.spiders.spider:parse:71 - Waiting for the page 74 to load...
2025-06-16 23:51:25.648 | INFO     | miit.spiders.spider:parse:96 - Page 74 loaded successfully.
2025-06-16 23:51:25.666 | INFO     | miit.spiders.spider:parse:35 - Scraping page 74...
2025-06-16 23:51:27.047 | INFO     | miit.spiders.spider:parse:68 - Clicking next button: 75
2025-06-16 23:51:27.160 | INFO     | miit.spiders.spider:parse:71 - Waiting for the page 75 to load...
2025-06-16 23:51:32.138 | INFO     | miit.spiders.spider:parse:96 - Page 75 loaded successfully.
2025-06-16 23:51:32.156 | INFO     | miit.spiders.spider:parse:35 - Scraping page 75...
2025-06-16 23:51:33.464 | INFO     | miit.spiders.spider:parse:68 - Clicking next button: 76
2025-06-16 23:51:33.588 | INFO     | miit.spiders.spider:parse:71 - Waiting for the page 76 to load...
2025-06-16 23:51:38.527 | INFO     | miit.spiders.spider:parse:96 - Page 76 loaded successfully.
2025-06-16 23:51:38.543 | INFO     | miit.spiders.spider:parse:35 - Scraping page 76...
2025-06-16 23:51:39.840 | INFO     | miit.spiders.spider:parse:68 - Clicking next button: 77
2025-06-16 23:51:39.958 | INFO     | miit.spiders.spider:parse:71 - Waiting for the page 77 to load...
2025-06-16 23:51:45.475 | INFO     | miit.spiders.spider:parse:96 - Page 77 loaded successfully.
2025-06-16 23:51:45.492 | INFO     | miit.spiders.spider:parse:35 - Scraping page 77...
2025-06-16 23:51:46.699 | INFO     | miit.spiders.spider:parse:68 - Clicking next button: 78
2025-06-16 23:51:46.813 | INFO     | miit.spiders.spider:parse:71 - Waiting for the page 78 to load...
2025-06-16 23:51:51.764 | INFO     | miit.spiders.spider:parse:96 - Page 78 loaded successfully.
2025-06-16 23:51:51.786 | INFO     | miit.spiders.spider:parse:35 - Scraping page 78...
2025-06-16 23:51:53.077 | INFO     | miit.spiders.spider:parse:68 - Clicking next button: 79
2025-06-16 23:51:53.198 | INFO     | miit.spiders.spider:parse:71 - Waiting for the page 79 to load...
2025-06-16 23:51:58.127 | INFO     | miit.spiders.spider:parse:96 - Page 79 loaded successfully.
2025-06-16 23:51:58.142 | INFO     | miit.spiders.spider:parse:35 - Scraping page 79...
2025-06-16 23:51:59.439 | INFO     | miit.spiders.spider:parse:68 - Clicking next button: 80
2025-06-16 23:51:59.561 | INFO     | miit.spiders.spider:parse:71 - Waiting for the page 80 to load...
2025-06-16 23:52:04.499 | INFO     | miit.spiders.spider:parse:96 - Page 80 loaded successfully.
2025-06-16 23:52:04.523 | INFO     | miit.spiders.spider:parse:35 - Scraping page 80...
2025-06-16 23:52:05.890 | INFO     | miit.spiders.spider:parse:68 - Clicking next button: 81
2025-06-16 23:52:06.006 | INFO     | miit.spiders.spider:parse:71 - Waiting for the page 81 to load...
2025-06-16 23:52:11.500 | INFO     | miit.spiders.spider:parse:96 - Page 81 loaded successfully.
2025-06-16 23:52:11.525 | INFO     | miit.spiders.spider:parse:35 - Scraping page 81...
2025-06-16 23:52:12.786 | INFO     | miit.spiders.spider:parse:68 - Clicking next button: 82
2025-06-16 23:52:12.897 | INFO     | miit.spiders.spider:parse:71 - Waiting for the page 82 to load...
2025-06-16 23:52:18.380 | INFO     | miit.spiders.spider:parse:96 - Page 82 loaded successfully.
2025-06-16 23:52:18.408 | INFO     | miit.spiders.spider:parse:35 - Scraping page 82...
2025-06-16 23:52:19.712 | INFO     | miit.spiders.spider:parse:68 - Clicking next button: 83
2025-06-16 23:52:19.822 | INFO     | miit.spiders.spider:parse:71 - Waiting for the page 83 to load...
2025-06-16 23:52:25.319 | INFO     | miit.spiders.spider:parse:96 - Page 83 loaded successfully.
2025-06-16 23:52:25.334 | INFO     | miit.spiders.spider:parse:35 - Scraping page 83...
2025-06-16 23:52:26.625 | INFO     | miit.spiders.spider:parse:68 - Clicking next button: 84
2025-06-16 23:52:26.737 | INFO     | miit.spiders.spider:parse:71 - Waiting for the page 84 to load...
2025-06-16 23:52:32.201 | INFO     | miit.spiders.spider:parse:96 - Page 84 loaded successfully.
2025-06-16 23:52:32.217 | INFO     | miit.spiders.spider:parse:35 - Scraping page 84...
2025-06-16 23:52:33.517 | INFO     | miit.spiders.spider:parse:68 - Clicking next button: 85
2025-06-16 23:52:33.628 | INFO     | miit.spiders.spider:parse:71 - Waiting for the page 85 to load...
2025-06-16 23:52:38.727 | INFO     | miit.spiders.spider:parse:96 - Page 85 loaded successfully.
2025-06-16 23:52:38.760 | INFO     | miit.spiders.spider:parse:35 - Scraping page 85...
2025-06-16 23:52:40.288 | INFO     | miit.spiders.spider:parse:68 - Clicking next button: 86
2025-06-16 23:52:40.416 | INFO     | miit.spiders.spider:parse:71 - Waiting for the page 86 to load...
2025-06-16 23:52:45.696 | INFO     | miit.spiders.spider:parse:96 - Page 86 loaded successfully.
2025-06-16 23:52:45.728 | INFO     | miit.spiders.spider:parse:35 - Scraping page 86...
2025-06-16 23:52:47.049 | INFO     | miit.spiders.spider:parse:68 - Clicking next button: 87
2025-06-16 23:52:47.196 | INFO     | miit.spiders.spider:parse:71 - Waiting for the page 87 to load...
2025-06-16 23:52:52.620 | INFO     | miit.spiders.spider:parse:96 - Page 87 loaded successfully.
2025-06-16 23:52:52.635 | INFO     | miit.spiders.spider:parse:35 - Scraping page 87...
2025-06-16 23:52:53.826 | INFO     | miit.spiders.spider:parse:68 - Clicking next button: 88
2025-06-16 23:52:53.913 | INFO     | miit.spiders.spider:parse:71 - Waiting for the page 88 to load...
2025-06-16 23:52:58.765 | INFO     | miit.spiders.spider:parse:96 - Page 88 loaded successfully.
2025-06-16 23:52:58.781 | INFO     | miit.spiders.spider:parse:35 - Scraping page 88...
2025-06-16 23:52:59.936 | INFO     | miit.spiders.spider:parse:68 - Clicking next button: 89
2025-06-16 23:53:00.039 | INFO     | miit.spiders.spider:parse:71 - Waiting for the page 89 to load...
2025-06-16 23:53:05.451 | INFO     | miit.spiders.spider:parse:96 - Page 89 loaded successfully.
2025-06-16 23:53:05.471 | INFO     | miit.spiders.spider:parse:35 - Scraping page 89...
2025-06-16 23:53:06.632 | INFO     | miit.spiders.spider:parse:68 - Clicking next button: 90
2025-06-16 23:53:06.718 | INFO     | miit.spiders.spider:parse:71 - Waiting for the page 90 to load...
2025-06-16 23:53:11.584 | WARNING  | miit.spiders.spider:parse:85 - StaleElementReferenceException: Retrying to find the first item.
2025-06-16 23:53:12.637 | INFO     | miit.spiders.spider:parse:96 - Page 90 loaded successfully.
2025-06-16 23:53:12.653 | INFO     | miit.spiders.spider:parse:35 - Scraping page 90...
2025-06-16 23:53:13.824 | INFO     | miit.spiders.spider:parse:68 - Clicking next button: 91
2025-06-16 23:53:13.938 | INFO     | miit.spiders.spider:parse:71 - Waiting for the page 91 to load...
2025-06-16 23:53:19.359 | INFO     | miit.spiders.spider:parse:96 - Page 91 loaded successfully.
2025-06-16 23:53:19.373 | INFO     | miit.spiders.spider:parse:35 - Scraping page 91...
2025-06-16 23:53:20.581 | INFO     | miit.spiders.spider:parse:68 - Clicking next button: 92
2025-06-16 23:53:20.687 | INFO     | miit.spiders.spider:parse:71 - Waiting for the page 92 to load...
2025-06-16 23:53:25.571 | INFO     | miit.spiders.spider:parse:96 - Page 92 loaded successfully.
2025-06-16 23:53:25.580 | INFO     | miit.spiders.spider:parse:35 - Scraping page 92...
2025-06-16 23:53:26.745 | INFO     | miit.spiders.spider:parse:68 - Clicking next button: 93
2025-06-16 23:53:26.862 | INFO     | miit.spiders.spider:parse:71 - Waiting for the page 93 to load...
2025-06-16 23:53:32.254 | INFO     | miit.spiders.spider:parse:96 - Page 93 loaded successfully.
2025-06-16 23:53:32.271 | INFO     | miit.spiders.spider:parse:35 - Scraping page 93...
2025-06-16 23:53:33.482 | INFO     | miit.spiders.spider:parse:68 - Clicking next button: 94
2025-06-16 23:53:33.585 | INFO     | miit.spiders.spider:parse:71 - Waiting for the page 94 to load...
2025-06-16 23:53:39.517 | INFO     | miit.spiders.spider:parse:96 - Page 94 loaded successfully.
2025-06-16 23:53:39.533 | INFO     | miit.spiders.spider:parse:35 - Scraping page 94...
2025-06-16 23:53:40.665 | INFO     | miit.spiders.spider:parse:68 - Clicking next button: 95
2025-06-16 23:53:40.756 | INFO     | miit.spiders.spider:parse:71 - Waiting for the page 95 to load...
2025-06-16 23:53:46.128 | INFO     | miit.spiders.spider:parse:96 - Page 95 loaded successfully.
2025-06-16 23:53:46.143 | INFO     | miit.spiders.spider:parse:35 - Scraping page 95...
2025-06-16 23:53:47.351 | INFO     | miit.spiders.spider:parse:68 - Clicking next button: 96
2025-06-16 23:53:47.463 | INFO     | miit.spiders.spider:parse:71 - Waiting for the page 96 to load...
2025-06-16 23:53:52.333 | INFO     | miit.spiders.spider:parse:96 - Page 96 loaded successfully.
2025-06-16 23:53:52.352 | INFO     | miit.spiders.spider:parse:35 - Scraping page 96...
2025-06-16 23:53:53.568 | INFO     | miit.spiders.spider:parse:68 - Clicking next button: 97
2025-06-16 23:53:53.678 | INFO     | miit.spiders.spider:parse:71 - Waiting for the page 97 to load...
2025-06-16 23:53:59.041 | INFO     | miit.spiders.spider:parse:96 - Page 97 loaded successfully.
2025-06-16 23:53:59.055 | INFO     | miit.spiders.spider:parse:35 - Scraping page 97...
2025-06-16 23:54:00.208 | INFO     | miit.spiders.spider:parse:68 - Clicking next button: 98
2025-06-16 23:54:00.319 | INFO     | miit.spiders.spider:parse:71 - Waiting for the page 98 to load...
2025-06-16 23:54:05.705 | INFO     | miit.spiders.spider:parse:96 - Page 98 loaded successfully.
2025-06-16 23:54:05.713 | INFO     | miit.spiders.spider:parse:35 - Scraping page 98...
2025-06-16 23:54:06.990 | INFO     | miit.spiders.spider:parse:68 - Clicking next button: 99
2025-06-16 23:54:07.116 | INFO     | miit.spiders.spider:parse:71 - Waiting for the page 99 to load...
2025-06-16 23:54:12.494 | INFO     | miit.spiders.spider:parse:96 - Page 99 loaded successfully.
2025-06-16 23:54:12.503 | INFO     | miit.spiders.spider:parse:35 - Scraping page 99...
2025-06-16 23:54:13.745 | INFO     | miit.spiders.spider:parse:68 - Clicking next button: 100
2025-06-16 23:54:13.856 | INFO     | miit.spiders.spider:parse:71 - Waiting for the page 100 to load...
2025-06-16 23:54:19.250 | INFO     | miit.spiders.spider:parse:96 - Page 100 loaded successfully.
2025-06-16 23:54:19.270 | INFO     | miit.spiders.spider:parse:35 - Scraping page 100...
2025-06-16 23:54:20.409 | INFO     | miit.spiders.spider:parse:68 - Clicking next button: 101
2025-06-16 23:54:20.508 | INFO     | miit.spiders.spider:parse:71 - Waiting for the page 101 to load...
2025-06-16 23:54:26.456 | INFO     | miit.spiders.spider:parse:96 - Page 101 loaded successfully.
2025-06-16 23:54:26.471 | INFO     | miit.spiders.spider:parse:35 - Scraping page 101...
2025-06-16 23:54:27.672 | INFO     | miit.spiders.spider:parse:68 - Clicking next button: 102
2025-06-16 23:54:27.784 | INFO     | miit.spiders.spider:parse:71 - Waiting for the page 102 to load...
2025-06-16 23:54:33.176 | INFO     | miit.spiders.spider:parse:96 - Page 102 loaded successfully.
2025-06-16 23:54:33.192 | INFO     | miit.spiders.spider:parse:35 - Scraping page 102...
2025-06-16 23:54:34.363 | INFO     | miit.spiders.spider:parse:68 - Clicking next button: 103
2025-06-16 23:54:34.481 | INFO     | miit.spiders.spider:parse:71 - Waiting for the page 103 to load...
2025-06-16 23:54:39.894 | INFO     | miit.spiders.spider:parse:96 - Page 103 loaded successfully.
2025-06-16 23:54:39.912 | INFO     | miit.spiders.spider:parse:35 - Scraping page 103...
2025-06-16 23:54:41.111 | INFO     | miit.spiders.spider:parse:68 - Clicking next button: 104
2025-06-16 23:54:41.229 | INFO     | miit.spiders.spider:parse:71 - Waiting for the page 104 to load...
2025-06-16 23:54:47.193 | INFO     | miit.spiders.spider:parse:96 - Page 104 loaded successfully.
2025-06-16 23:54:47.225 | INFO     | miit.spiders.spider:parse:35 - Scraping page 104...
2025-06-16 23:54:48.438 | INFO     | miit.spiders.spider:parse:68 - Clicking next button: 105
2025-06-16 23:54:48.540 | INFO     | miit.spiders.spider:parse:71 - Waiting for the page 105 to load...
2025-06-16 23:54:53.940 | INFO     | miit.spiders.spider:parse:96 - Page 105 loaded successfully.
2025-06-16 23:54:53.960 | INFO     | miit.spiders.spider:parse:35 - Scraping page 105...
2025-06-16 23:54:55.104 | INFO     | miit.spiders.spider:parse:68 - Clicking next button: 106
2025-06-16 23:54:55.221 | INFO     | miit.spiders.spider:parse:71 - Waiting for the page 106 to load...
2025-06-16 23:55:00.629 | INFO     | miit.spiders.spider:parse:96 - Page 106 loaded successfully.
2025-06-16 23:55:00.645 | INFO     | miit.spiders.spider:parse:35 - Scraping page 106...
2025-06-16 23:55:01.805 | INFO     | miit.spiders.spider:parse:68 - Clicking next button: 107
2025-06-16 23:55:01.911 | INFO     | miit.spiders.spider:parse:71 - Waiting for the page 107 to load...
2025-06-16 23:55:07.311 | INFO     | miit.spiders.spider:parse:96 - Page 107 loaded successfully.
2025-06-16 23:55:07.321 | INFO     | miit.spiders.spider:parse:35 - Scraping page 107...
2025-06-16 23:55:08.531 | INFO     | miit.spiders.spider:parse:68 - Clicking next button: 108
2025-06-16 23:55:08.646 | INFO     | miit.spiders.spider:parse:71 - Waiting for the page 108 to load...
2025-06-16 23:55:14.040 | INFO     | miit.spiders.spider:parse:96 - Page 108 loaded successfully.
2025-06-16 23:55:14.055 | INFO     | miit.spiders.spider:parse:35 - Scraping page 108...
2025-06-16 23:55:15.286 | INFO     | miit.spiders.spider:parse:68 - Clicking next button: 109
2025-06-16 23:55:15.369 | INFO     | miit.spiders.spider:parse:71 - Waiting for the page 109 to load...
2025-06-16 23:55:20.748 | INFO     | miit.spiders.spider:parse:96 - Page 109 loaded successfully.
2025-06-16 23:55:20.761 | INFO     | miit.spiders.spider:parse:35 - Scraping page 109...
2025-06-16 23:55:21.968 | INFO     | miit.spiders.spider:parse:68 - Clicking next button: 110
2025-06-16 23:55:22.037 | INFO     | miit.spiders.spider:parse:71 - Waiting for the page 110 to load...
2025-06-16 23:55:28.510 | INFO     | miit.spiders.spider:parse:96 - Page 110 loaded successfully.
2025-06-16 23:55:28.533 | INFO     | miit.spiders.spider:parse:35 - Scraping page 110...
2025-06-16 23:55:29.681 | INFO     | miit.spiders.spider:parse:68 - Clicking next button: 111
2025-06-16 23:55:29.802 | INFO     | miit.spiders.spider:parse:71 - Waiting for the page 111 to load...
2025-06-16 23:55:35.757 | INFO     | miit.spiders.spider:parse:96 - Page 111 loaded successfully.
2025-06-16 23:55:35.781 | INFO     | miit.spiders.spider:parse:35 - Scraping page 111...
2025-06-16 23:55:36.956 | INFO     | miit.spiders.spider:parse:68 - Clicking next button: 112
2025-06-16 23:55:37.066 | INFO     | miit.spiders.spider:parse:71 - Waiting for the page 112 to load...
2025-06-16 23:55:42.495 | INFO     | miit.spiders.spider:parse:96 - Page 112 loaded successfully.
2025-06-16 23:55:42.513 | INFO     | miit.spiders.spider:parse:35 - Scraping page 112...
2025-06-16 23:55:43.765 | INFO     | miit.spiders.spider:parse:68 - Clicking next button: 113
2025-06-16 23:55:43.887 | INFO     | miit.spiders.spider:parse:71 - Waiting for the page 113 to load...
2025-06-16 23:55:49.789 | INFO     | miit.spiders.spider:parse:96 - Page 113 loaded successfully.
2025-06-16 23:55:49.805 | INFO     | miit.spiders.spider:parse:35 - Scraping page 113...
2025-06-16 23:55:51.032 | INFO     | miit.spiders.spider:parse:68 - Clicking next button: 114
2025-06-16 23:55:51.142 | INFO     | miit.spiders.spider:parse:71 - Waiting for the page 114 to load...
2025-06-16 23:55:56.520 | INFO     | miit.spiders.spider:parse:96 - Page 114 loaded successfully.
2025-06-16 23:55:56.535 | INFO     | miit.spiders.spider:parse:35 - Scraping page 114...
2025-06-16 23:55:57.679 | INFO     | miit.spiders.spider:parse:68 - Clicking next button: 115
2025-06-16 23:55:57.796 | INFO     | miit.spiders.spider:parse:71 - Waiting for the page 115 to load...
2025-06-16 23:56:03.746 | INFO     | miit.spiders.spider:parse:96 - Page 115 loaded successfully.
2025-06-16 23:56:03.762 | INFO     | miit.spiders.spider:parse:35 - Scraping page 115...
2025-06-16 23:56:04.975 | INFO     | miit.spiders.spider:parse:68 - Clicking next button: 116
2025-06-16 23:56:05.088 | INFO     | miit.spiders.spider:parse:71 - Waiting for the page 116 to load...
2025-06-16 23:56:10.487 | INFO     | miit.spiders.spider:parse:96 - Page 116 loaded successfully.
2025-06-16 23:56:10.503 | INFO     | miit.spiders.spider:parse:35 - Scraping page 116...
2025-06-16 23:56:11.655 | INFO     | miit.spiders.spider:parse:68 - Clicking next button: 117
2025-06-16 23:56:11.765 | INFO     | miit.spiders.spider:parse:71 - Waiting for the page 117 to load...
2025-06-16 23:56:17.151 | INFO     | miit.spiders.spider:parse:96 - Page 117 loaded successfully.
2025-06-16 23:56:17.170 | INFO     | miit.spiders.spider:parse:35 - Scraping page 117...
2025-06-16 23:56:18.406 | INFO     | miit.spiders.spider:parse:68 - Clicking next button: 118
2025-06-16 23:56:18.518 | INFO     | miit.spiders.spider:parse:71 - Waiting for the page 118 to load...
2025-06-16 23:56:24.457 | INFO     | miit.spiders.spider:parse:96 - Page 118 loaded successfully.
2025-06-16 23:56:24.467 | INFO     | miit.spiders.spider:parse:35 - Scraping page 118...
2025-06-16 23:56:25.659 | INFO     | miit.spiders.spider:parse:68 - Clicking next button: 119
2025-06-16 23:56:25.737 | INFO     | miit.spiders.spider:parse:71 - Waiting for the page 119 to load...
2025-06-16 23:56:31.680 | INFO     | miit.spiders.spider:parse:96 - Page 119 loaded successfully.
2025-06-16 23:56:31.703 | INFO     | miit.spiders.spider:parse:35 - Scraping page 119...
2025-06-16 23:56:32.847 | INFO     | miit.spiders.spider:parse:68 - Clicking next button: 120
2025-06-16 23:56:32.956 | INFO     | miit.spiders.spider:parse:71 - Waiting for the page 120 to load...
2025-06-16 23:56:38.885 | INFO     | miit.spiders.spider:parse:96 - Page 120 loaded successfully.
2025-06-16 23:56:38.889 | INFO     | miit.spiders.spider:parse:35 - Scraping page 120...
2025-06-16 23:56:40.089 | INFO     | miit.spiders.spider:parse:68 - Clicking next button: 121
2025-06-16 23:56:40.209 | INFO     | miit.spiders.spider:parse:71 - Waiting for the page 121 to load...
2025-06-16 23:56:46.139 | INFO     | miit.spiders.spider:parse:96 - Page 121 loaded successfully.
2025-06-16 23:56:46.154 | INFO     | miit.spiders.spider:parse:35 - Scraping page 121...
2025-06-16 23:56:47.336 | INFO     | miit.spiders.spider:parse:68 - Clicking next button: 122
2025-06-16 23:56:47.467 | INFO     | miit.spiders.spider:parse:71 - Waiting for the page 122 to load...
2025-06-16 23:56:52.873 | INFO     | miit.spiders.spider:parse:96 - Page 122 loaded successfully.
2025-06-16 23:56:52.889 | INFO     | miit.spiders.spider:parse:35 - Scraping page 122...
2025-06-16 23:56:54.103 | INFO     | miit.spiders.spider:parse:68 - Clicking next button: 123
2025-06-16 23:56:54.211 | INFO     | miit.spiders.spider:parse:71 - Waiting for the page 123 to load...
2025-06-16 23:57:00.141 | INFO     | miit.spiders.spider:parse:96 - Page 123 loaded successfully.
2025-06-16 23:57:00.157 | INFO     | miit.spiders.spider:parse:35 - Scraping page 123...
2025-06-16 23:57:01.353 | INFO     | miit.spiders.spider:parse:68 - Clicking next button: 124
2025-06-16 23:57:01.468 | INFO     | miit.spiders.spider:parse:71 - Waiting for the page 124 to load...
2025-06-16 23:57:11.664 | INFO     | miit.spiders.spider:parse:96 - Page 124 loaded successfully.
2025-06-16 23:57:11.673 | INFO     | miit.spiders.spider:parse:35 - Scraping page 124...
2025-06-16 23:57:12.925 | INFO     | miit.spiders.spider:parse:68 - Clicking next button: 125
2025-06-16 23:57:13.035 | INFO     | miit.spiders.spider:parse:71 - Waiting for the page 125 to load...
2025-06-16 23:57:18.958 | INFO     | miit.spiders.spider:parse:96 - Page 125 loaded successfully.
2025-06-16 23:57:18.972 | INFO     | miit.spiders.spider:parse:35 - Scraping page 125...
2025-06-16 23:57:20.165 | INFO     | miit.spiders.spider:parse:68 - Clicking next button: 126
2025-06-16 23:57:20.266 | INFO     | miit.spiders.spider:parse:71 - Waiting for the page 126 to load...
2025-06-16 23:57:26.708 | INFO     | miit.spiders.spider:parse:96 - Page 126 loaded successfully.
2025-06-16 23:57:26.726 | INFO     | miit.spiders.spider:parse:35 - Scraping page 126...
2025-06-16 23:57:27.938 | INFO     | miit.spiders.spider:parse:68 - Clicking next button: 127
2025-06-16 23:57:28.055 | INFO     | miit.spiders.spider:parse:71 - Waiting for the page 127 to load...
2025-06-16 23:57:33.976 | INFO     | miit.spiders.spider:parse:96 - Page 127 loaded successfully.
2025-06-16 23:57:33.990 | INFO     | miit.spiders.spider:parse:35 - Scraping page 127...
2025-06-16 23:57:35.184 | INFO     | miit.spiders.spider:parse:68 - Clicking next button: 128
2025-06-16 23:57:35.296 | INFO     | miit.spiders.spider:parse:71 - Waiting for the page 128 to load...
2025-06-16 23:57:41.237 | INFO     | miit.spiders.spider:parse:96 - Page 128 loaded successfully.
2025-06-16 23:57:41.254 | INFO     | miit.spiders.spider:parse:35 - Scraping page 128...
2025-06-16 23:57:42.414 | INFO     | miit.spiders.spider:parse:68 - Clicking next button: 129
2025-06-16 23:57:42.538 | INFO     | miit.spiders.spider:parse:71 - Waiting for the page 129 to load...
2025-06-16 23:57:48.475 | INFO     | miit.spiders.spider:parse:96 - Page 129 loaded successfully.
2025-06-16 23:57:48.494 | INFO     | miit.spiders.spider:parse:35 - Scraping page 129...
2025-06-16 23:57:49.689 | INFO     | miit.spiders.spider:parse:68 - Clicking next button: 130
2025-06-16 23:57:49.816 | INFO     | miit.spiders.spider:parse:71 - Waiting for the page 130 to load...
2025-06-16 23:57:55.741 | INFO     | miit.spiders.spider:parse:96 - Page 130 loaded successfully.
2025-06-16 23:57:55.759 | INFO     | miit.spiders.spider:parse:35 - Scraping page 130...
2025-06-16 23:57:56.921 | INFO     | miit.spiders.spider:parse:68 - Clicking next button: 131
2025-06-16 23:57:57.037 | INFO     | miit.spiders.spider:parse:71 - Waiting for the page 131 to load...
2025-06-16 23:58:04.559 | INFO     | miit.spiders.spider:parse:96 - Page 131 loaded successfully.
2025-06-16 23:58:04.577 | INFO     | miit.spiders.spider:parse:35 - Scraping page 131...
2025-06-16 23:58:05.784 | INFO     | miit.spiders.spider:parse:68 - Clicking next button: 132
2025-06-16 23:58:05.914 | INFO     | miit.spiders.spider:parse:71 - Waiting for the page 132 to load...
2025-06-16 23:58:12.890 | INFO     | miit.spiders.spider:parse:96 - Page 132 loaded successfully.
2025-06-16 23:58:12.901 | INFO     | miit.spiders.spider:parse:35 - Scraping page 132...
2025-06-16 23:58:14.052 | INFO     | miit.spiders.spider:parse:68 - Clicking next button: 133
2025-06-16 23:58:14.158 | INFO     | miit.spiders.spider:parse:71 - Waiting for the page 133 to load...
2025-06-16 23:58:19.518 | INFO     | miit.spiders.spider:parse:96 - Page 133 loaded successfully.
2025-06-16 23:58:19.520 | INFO     | miit.spiders.spider:parse:35 - Scraping page 133...
2025-06-16 23:58:20.729 | INFO     | miit.spiders.spider:parse:68 - Clicking next button: 134
2025-06-16 23:58:20.844 | INFO     | miit.spiders.spider:parse:71 - Waiting for the page 134 to load...
2025-06-16 23:58:26.777 | INFO     | miit.spiders.spider:parse:96 - Page 134 loaded successfully.
2025-06-16 23:58:26.801 | INFO     | miit.spiders.spider:parse:35 - Scraping page 134...
2025-06-16 23:58:27.988 | INFO     | miit.spiders.spider:parse:68 - Clicking next button: 135
2025-06-16 23:58:28.104 | INFO     | miit.spiders.spider:parse:71 - Waiting for the page 135 to load...
2025-06-16 23:58:34.059 | INFO     | miit.spiders.spider:parse:96 - Page 135 loaded successfully.
2025-06-16 23:58:34.075 | INFO     | miit.spiders.spider:parse:35 - Scraping page 135...
2025-06-16 23:58:35.289 | INFO     | miit.spiders.spider:parse:68 - Clicking next button: 136
2025-06-16 23:58:35.400 | INFO     | miit.spiders.spider:parse:71 - Waiting for the page 136 to load...
2025-06-16 23:58:41.885 | INFO     | miit.spiders.spider:parse:96 - Page 136 loaded successfully.
2025-06-16 23:58:41.917 | INFO     | miit.spiders.spider:parse:35 - Scraping page 136...
2025-06-16 23:58:43.141 | INFO     | miit.spiders.spider:parse:68 - Clicking next button: 137
2025-06-16 23:58:43.278 | INFO     | miit.spiders.spider:parse:71 - Waiting for the page 137 to load...
2025-06-16 23:58:49.867 | INFO     | miit.spiders.spider:parse:96 - Page 137 loaded successfully.
2025-06-16 23:58:49.891 | INFO     | miit.spiders.spider:parse:35 - Scraping page 137...
2025-06-16 23:58:51.077 | INFO     | miit.spiders.spider:parse:68 - Clicking next button: 138
2025-06-16 23:58:51.238 | INFO     | miit.spiders.spider:parse:71 - Waiting for the page 138 to load...
2025-06-16 23:58:56.723 | INFO     | miit.spiders.spider:parse:96 - Page 138 loaded successfully.
2025-06-16 23:58:56.740 | INFO     | miit.spiders.spider:parse:35 - Scraping page 138...
2025-06-16 23:58:58.017 | INFO     | miit.spiders.spider:parse:68 - Clicking next button: 139
2025-06-16 23:58:58.114 | INFO     | miit.spiders.spider:parse:71 - Waiting for the page 139 to load...
2025-06-16 23:59:04.055 | INFO     | miit.spiders.spider:parse:96 - Page 139 loaded successfully.
2025-06-16 23:59:04.065 | INFO     | miit.spiders.spider:parse:35 - Scraping page 139...
2025-06-16 23:59:05.310 | INFO     | miit.spiders.spider:parse:68 - Clicking next button: 140
2025-06-16 23:59:05.410 | INFO     | miit.spiders.spider:parse:71 - Waiting for the page 140 to load...
2025-06-16 23:59:11.335 | INFO     | miit.spiders.spider:parse:96 - Page 140 loaded successfully.
2025-06-16 23:59:11.356 | INFO     | miit.spiders.spider:parse:35 - Scraping page 140...
2025-06-16 23:59:12.537 | INFO     | miit.spiders.spider:parse:68 - Clicking next button: 141
2025-06-16 23:59:12.650 | INFO     | miit.spiders.spider:parse:71 - Waiting for the page 141 to load...
2025-06-16 23:59:33.024 | ERROR    | miit.spiders.spider:parse:90 - TimeoutError: The first item did not change.
2025-06-16 23:59:54.288 | ERROR    | miit.spiders.spider:parse:90 - TimeoutError: The first item did not change.
2025-06-17 00:00:15.514 | ERROR    | miit.spiders.spider:parse:90 - TimeoutError: The first item did not change.
2025-06-17 00:00:36.724 | ERROR    | miit.spiders.spider:parse:90 - TimeoutError: The first item did not change.
2025-06-17 00:00:57.976 | ERROR    | miit.spiders.spider:parse:90 - TimeoutError: The first item did not change.
2025-06-17 00:00:58.997 | INFO     | miit.spiders.spider:parse:96 - Page 141 loaded successfully.
2025-06-17 00:00:59.014 | INFO     | miit.spiders.spider:parse:35 - Scraping page 141...
2025-06-17 00:00:59.045 | ERROR    | miit.spiders.spider:parse:107 - An unexpected error occurred.
2025-06-17 00:00:59.045 | INFO     | miit.spiders.spider:parse:110 - No more pages to scrape. Closing the driver.
