\BOOKMARK [1][-]{section.1}{\376\377\000b\000a\000i\000d\000u\000-\000s\000e\000r\000p\000-\000a\000p\000i}{}% 1
\BOOKMARK [2][-]{subsection.1.1}{\376\377\133\211\210\305}{section.1}% 2
\BOOKMARK [2][-]{subsection.1.2}{\376\377\117\177\165\050}{section.1}% 3
\BOOKMARK [2][-]{subsection.1.3}{\376\377\123\302\145\160}{section.1}% 4
\BOOKMARK [2][-]{subsection.1.4}{\376\377\217\324\126\336\176\323\147\234}{section.1}% 5
\BOOKMARK [2][-]{subsection.1.5}{\376\377\154\350\141\017\116\213\230\171}{section.1}% 6
\BOOKMARK [2][-]{subsection.1.6}{\376\377\133\230\145\271\145\207\150\143}{section.1}% 7
\BOOKMARK [1][-]{section.2}{\376\377\000d\000u\000c\000k\000d\000u\000c\000k\000g\000o\000-\000s\000e\000a\000r\000c\000h}{}% 8
\BOOKMARK [2][-]{subsection.2.1}{\376\377\133\211\210\305}{section.2}% 9
\BOOKMARK [2][-]{subsection.2.2}{\376\377\117\177\165\050}{section.2}% 10
\BOOKMARK [2][-]{subsection.2.3}{\376\377\123\302\145\160}{section.2}% 11
\BOOKMARK [2][-]{subsection.2.4}{\376\377\217\324\126\336\176\323\147\234}{section.2}% 12
\BOOKMARK [2][-]{subsection.2.5}{\376\377\154\350\141\017\116\213\230\171}{section.2}% 13
\BOOKMARK [2][-]{subsection.2.6}{\376\377\133\230\145\271\145\207\150\143}{section.2}% 14
\BOOKMARK [1][-]{section.3}{\376\377\000g\000o\000o\000g\000l\000e\000s\000e\000a\000r\000c\000h}{}% 15
\BOOKMARK [2][-]{subsection.3.1}{\376\377\133\211\210\305}{section.3}% 16
\BOOKMARK [2][-]{subsection.3.2}{\376\377\117\177\165\050}{section.3}% 17
\BOOKMARK [2][-]{subsection.3.3}{\376\377\123\302\145\160}{section.3}% 18
\BOOKMARK [2][-]{subsection.3.4}{\376\377\217\324\126\336\176\323\147\234}{section.3}% 19
\BOOKMARK [2][-]{subsection.3.5}{\376\377\154\350\141\017\116\213\230\171}{section.3}% 20
\BOOKMARK [2][-]{subsection.3.6}{\376\377\133\230\145\271\145\207\150\143}{section.3}% 21
